[ERR!] cwd  : /Users/Danilo/Documents/Projects/JavaScript/angular2-pilot
[ERR!] os   : Darwin 15.2.0
[ERR!] argv : "/usr/local/Cellar/node/4.2.1/bin/node" "/usr/local/bin/tsd" "init"
[ERR!] node : v4.2.1
[ERR!] tsd  : 0.6.5
[ERR!] Error: cannot overwrite file /Users/Danilo/Documents/Projects/JavaScript/angular2-pilot/tsd.json
[ERR!] CODE : undefined
[ERR!] cannot overwrite file /Users/Danilo/Documents/Projects/JavaScript/angular2-pilot/tsd.json
[ERR!] If you need help, you may report this error at:
    https://github.com/DefinitelyTyped/tsd/issues

[ERR!] 
VError: cannot overwrite file /Users/Danilo/Documents/Projects/JavaScript/angular2-pilot/tsd.json
    at /usr/local/lib/node_modules/tsd/build/tsd/logic/ConfigIO.js:22:27
    at tryCatch1 (/usr/local/lib/node_modules/tsd/node_modules/bluebird/js/main/util.js:63:19)
    at Promise$_callHandler [as _callHandler] (/usr/local/lib/node_modules/tsd/node_modules/bluebird/js/main/promise.js:695:13)
    at Promise$_settlePromiseFromHandler [as _settlePromiseFromHandler] (/usr/local/lib/node_modules/tsd/node_modules/bluebird/js/main/promise.js:711:18)
    at Promise$_settlePromiseAt [as _settlePromiseAt] (/usr/local/lib/node_modules/tsd/node_modules/bluebird/js/main/promise.js:868:14)
    at Promise$_settlePromises [as _settlePromises] (/usr/local/lib/node_modules/tsd/node_modules/bluebird/js/main/promise.js:1006:14)
    at Async$_consumeFunctionBuffer [as _consumeFunctionBuffer] (/usr/local/lib/node_modules/tsd/node_modules/bluebird/js/main/async.js:74:12)
    at Async$consumeFunctionBuffer (/usr/local/lib/node_modules/tsd/node_modules/bluebird/js/main/async.js:37:14)
    at doNTCallback0 (node.js:417:9)
    at process._tickCallback (node.js:346:13)

[ERR!] tsd.json: {"version":"v4","repo":"borisyankov/DefinitelyTyped","ref":"master","path":"typings","bundle":"typings/tsd.d.ts","installed":{"angular2/angular2.d.ts":{"commit":"f11e49cfb77f99678657ddfe5d43017849675c64"},"jasmine/jasmine.d.ts":{"commit":"f11e49cfb77f99678657ddfe5d43017849675c64"}}}

[ERR!] .tsdrc could not be retrieved

[ERR!] Please include the following file with any support request:
    /Users/Danilo/Documents/Projects/JavaScript/angular2-pilot/tsd-debug.log

